<?xml version="1.0" encoding="UTF-8"?>
<testng-results ignored="0" total="1" passed="1" failed="0" skipped="0">
  <reporter-output>
  </reporter-output>
  <suite started-at="2024-11-13T00:57:20 EST" name="Default suite" finished-at="2024-11-13T00:58:21 EST" duration-ms="60445">
    <groups>
    </groups>
    <test started-at="2024-11-13T00:57:20 EST" name="Default test" finished-at="2024-11-13T00:58:21 EST" duration-ms="60445">
      <class name="testCases.TC001_LoginClick">
        <test-method is-config="true" signature="setup()[pri:0, instance:testCases.TC001_LoginClick@10683d9d]" started-at="2024-11-13T00:57:20 EST" name="setup" finished-at="2024-11-13T00:57:24 EST" duration-ms="3452" status="PASS">
          <reporter-output>
          </reporter-output>
        </test-method> <!-- setup -->
        <test-method signature="verify_login_click()[pri:0, instance:testCases.TC001_LoginClick@10683d9d]" started-at="2024-11-13T00:57:24 EST" name="verify_login_click" finished-at="2024-11-13T00:58:21 EST" duration-ms="56977" status="PASS">
          <reporter-output>
          </reporter-output>
        </test-method> <!-- verify_login_click -->
      </class> <!-- testCases.TC001_LoginClick -->
    </test> <!-- Default test -->
  </suite> <!-- Default suite -->
</testng-results>
